<?xml version="1.0" encoding="UTF-8"?>
<!-- Generated by org.testng.reporters.JUnitReportReporter -->
<testsuite skipped="0" hostname="Anjalis-MacBook-Pro.local" name="project.NewTest" tests="1" failures="0" timestamp="04 Jan 2018 23:52:18 GMT" time="5.394" errors="0">
  <testcase name="MyTestCase" time="5.394" classname="project.NewTest"/>
</testsuite> <!-- project.NewTest -->
